{"/Users/hin/agile/hotelBooking/app.js":{"path":"/Users/hin/agile/hotelBooking/app.js","s":{"1":1,"2":1,"3":1,"4":1,"5":1,"6":1,"7":1,"8":1,"9":1,"10":1,"11":1,"12":1,"13":1,"14":1,"15":1,"16":1,"17":1,"18":1,"19":1,"20":1,"21":1,"22":1,"23":1,"24":1,"25":1,"26":1,"27":1,"28":1,"29":1,"30":1,"31":1,"32":1,"33":1,"34":1,"35":1,"36":1,"37":1,"38":1,"39":1,"40":0,"41":1,"42":0,"43":1,"44":0,"45":0,"46":0,"47":0,"48":1},"b":{"1":[0,1],"2":[0,0],"3":[0,0]},"f":{"1":0,"2":0},"fnMap":{"1":{"name":"(anonymous_1)","line":70,"loc":{"start":{"line":70,"column":8},"end":{"line":70,"column":33}}},"2":{"name":"(anonymous_2)","line":79,"loc":{"start":{"line":79,"column":8},"end":{"line":79,"column":38}}}},"statementMap":{"1":{"start":{"line":1,"column":0},"end":{"line":1,"column":41}},"2":{"start":{"line":2,"column":0},"end":{"line":2,"column":33}},"3":{"start":{"line":3,"column":0},"end":{"line":3,"column":27}},"4":{"start":{"line":4,"column":0},"end":{"line":4,"column":44}},"5":{"start":{"line":5,"column":0},"end":{"line":5,"column":31}},"6":{"start":{"line":6,"column":0},"end":{"line":6,"column":40}},"7":{"start":{"line":7,"column":0},"end":{"line":7,"column":27}},"8":{"start":{"line":8,"column":0},"end":{"line":8,"column":44}},"9":{"start":{"line":9,"column":0},"end":{"line":9,"column":44}},"10":{"start":{"line":11,"column":0},"end":{"line":11,"column":46}},"11":{"start":{"line":12,"column":0},"end":{"line":12,"column":40}},"12":{"start":{"line":13,"column":0},"end":{"line":13,"column":48}},"13":{"start":{"line":14,"column":0},"end":{"line":14,"column":20}},"14":{"start":{"line":16,"column":0},"end":{"line":16,"column":48}},"15":{"start":{"line":17,"column":0},"end":{"line":17,"column":30}},"16":{"start":{"line":21,"column":0},"end":{"line":21,"column":24}},"17":{"start":{"line":22,"column":0},"end":{"line":22,"column":49}},"18":{"start":{"line":23,"column":0},"end":{"line":23,"column":24}},"19":{"start":{"line":24,"column":0},"end":{"line":24,"column":56}},"20":{"start":{"line":26,"column":0},"end":{"line":26,"column":26}},"21":{"start":{"line":27,"column":0},"end":{"line":27,"column":31}},"22":{"start":{"line":28,"column":0},"end":{"line":28,"column":16}},"23":{"start":{"line":31,"column":0},"end":{"line":31,"column":39}},"24":{"start":{"line":32,"column":0},"end":{"line":32,"column":54}},"25":{"start":{"line":34,"column":0},"end":{"line":34,"column":51}},"26":{"start":{"line":35,"column":0},"end":{"line":35,"column":66}},"27":{"start":{"line":38,"column":0},"end":{"line":38,"column":42}},"28":{"start":{"line":40,"column":0},"end":{"line":40,"column":60}},"29":{"start":{"line":43,"column":0},"end":{"line":43,"column":33}},"30":{"start":{"line":45,"column":0},"end":{"line":45,"column":42}},"31":{"start":{"line":47,"column":0},"end":{"line":47,"column":55}},"32":{"start":{"line":50,"column":0},"end":{"line":50,"column":33}},"33":{"start":{"line":52,"column":0},"end":{"line":52,"column":48}},"34":{"start":{"line":56,"column":0},"end":{"line":56,"column":40}},"35":{"start":{"line":58,"column":0},"end":{"line":58,"column":47}},"36":{"start":{"line":60,"column":0},"end":{"line":60,"column":41}},"37":{"start":{"line":62,"column":0},"end":{"line":62,"column":53}},"38":{"start":{"line":66,"column":0},"end":{"line":66,"column":63}},"39":{"start":{"line":70,"column":0},"end":{"line":72,"column":3}},"40":{"start":{"line":71,"column":4},"end":{"line":71,"column":27}},"41":{"start":{"line":74,"column":0},"end":{"line":76,"column":1}},"42":{"start":{"line":75,"column":4},"end":{"line":75,"column":27}},"43":{"start":{"line":79,"column":0},"end":{"line":87,"column":3}},"44":{"start":{"line":81,"column":4},"end":{"line":81,"column":37}},"45":{"start":{"line":82,"column":4},"end":{"line":82,"column":71}},"46":{"start":{"line":85,"column":4},"end":{"line":85,"column":34}},"47":{"start":{"line":86,"column":4},"end":{"line":86,"column":24}},"48":{"start":{"line":89,"column":0},"end":{"line":89,"column":21}}},"branchMap":{"1":{"line":74,"type":"if","locations":[{"start":{"line":74,"column":0},"end":{"line":74,"column":0}},{"start":{"line":74,"column":0},"end":{"line":74,"column":0}}]},"2":{"line":82,"type":"cond-expr","locations":[{"start":{"line":82,"column":62},"end":{"line":82,"column":65}},{"start":{"line":82,"column":68},"end":{"line":82,"column":70}}]},"3":{"line":85,"type":"binary-expr","locations":[{"start":{"line":85,"column":15},"end":{"line":85,"column":25}},{"start":{"line":85,"column":29},"end":{"line":85,"column":32}}]}}},"/Users/hin/agile/hotelBooking/routes/index.js":{"path":"/Users/hin/agile/hotelBooking/routes/index.js","s":{"1":1,"2":1,"3":1,"4":0,"5":1},"b":{},"f":{"1":0},"fnMap":{"1":{"name":"(anonymous_1)","line":6,"loc":{"start":{"line":6,"column":16},"end":{"line":6,"column":41}}}},"statementMap":{"1":{"start":{"line":1,"column":0},"end":{"line":1,"column":33}},"2":{"start":{"line":2,"column":0},"end":{"line":2,"column":30}},"3":{"start":{"line":6,"column":0},"end":{"line":8,"column":3}},"4":{"start":{"line":7,"column":4},"end":{"line":7,"column":59}},"5":{"start":{"line":10,"column":0},"end":{"line":10,"column":24}}},"branchMap":{}},"/Users/hin/agile/hotelBooking/routes/users.js":{"path":"/Users/hin/agile/hotelBooking/routes/users.js","s":{"1":1,"2":1,"3":1,"4":0,"5":1},"b":{},"f":{"1":0},"fnMap":{"1":{"name":"(anonymous_1)","line":6,"loc":{"start":{"line":6,"column":16},"end":{"line":6,"column":30}}}},"statementMap":{"1":{"start":{"line":1,"column":0},"end":{"line":1,"column":33}},"2":{"start":{"line":2,"column":0},"end":{"line":2,"column":30}},"3":{"start":{"line":6,"column":0},"end":{"line":8,"column":3}},"4":{"start":{"line":7,"column":4},"end":{"line":7,"column":40}},"5":{"start":{"line":10,"column":0},"end":{"line":10,"column":24}}},"branchMap":{}},"/Users/hin/agile/hotelBooking/routes/bookings.js":{"path":"/Users/hin/agile/hotelBooking/routes/bookings.js","s":{"1":1,"2":1,"3":1,"4":1,"5":1,"6":1,"7":1,"8":1,"9":0,"10":1,"11":0,"12":1,"13":0,"14":0,"15":0,"16":0,"17":0,"18":1,"19":0,"20":0,"21":0,"22":0,"23":0,"24":1,"25":0,"26":0,"27":0,"28":0,"29":1,"30":0,"31":0,"32":0,"33":0,"34":0,"35":0,"36":0,"37":0,"38":0,"39":0,"40":0,"41":0,"42":1,"43":0,"44":0,"45":0,"46":0,"47":0,"48":0,"49":1,"50":0,"51":0,"52":0,"53":0,"54":1,"55":0,"56":0,"57":0,"58":0,"59":1},"b":{"1":[0,0],"2":[0,0],"3":[0,0],"4":[0,0],"5":[0,0],"6":[0,0]},"f":{"1":0,"2":0,"3":0,"4":0,"5":0,"6":0,"7":0,"8":0,"9":0,"10":0},"fnMap":{"1":{"name":"(anonymous_1)","line":16,"loc":{"start":{"line":16,"column":15},"end":{"line":16,"column":30}}},"2":{"name":"(anonymous_2)","line":20,"loc":{"start":{"line":20,"column":16},"end":{"line":20,"column":28}}},"3":{"name":"(anonymous_3)","line":29,"loc":{"start":{"line":29,"column":17},"end":{"line":29,"column":41}}},"4":{"name":"(anonymous_4)","line":45,"loc":{"start":{"line":45,"column":57},"end":{"line":45,"column":80}}},"5":{"name":"getTotalAmount","line":59,"loc":{"start":{"line":59,"column":0},"end":{"line":59,"column":31}}},"6":{"name":"(anonymous_6)","line":61,"loc":{"start":{"line":61,"column":18},"end":{"line":61,"column":32}}},"7":{"name":"(anonymous_7)","line":91,"loc":{"start":{"line":91,"column":17},"end":{"line":91,"column":31}}},"8":{"name":"(anonymous_8)","line":121,"loc":{"start":{"line":121,"column":8},"end":{"line":121,"column":32}}},"9":{"name":"(anonymous_9)","line":152,"loc":{"start":{"line":152,"column":65},"end":{"line":152,"column":80}}},"10":{"name":"(anonymous_10)","line":171,"loc":{"start":{"line":171,"column":17},"end":{"line":171,"column":42}}}},"statementMap":{"1":{"start":{"line":1,"column":0},"end":{"line":1,"column":37}},"2":{"start":{"line":2,"column":0},"end":{"line":2,"column":44}},"3":{"start":{"line":3,"column":0},"end":{"line":3,"column":33}},"4":{"start":{"line":4,"column":0},"end":{"line":4,"column":30}},"5":{"start":{"line":8,"column":0},"end":{"line":8,"column":81}},"6":{"start":{"line":10,"column":0},"end":{"line":10,"column":29}},"7":{"start":{"line":14,"column":0},"end":{"line":14,"column":29}},"8":{"start":{"line":16,"column":0},"end":{"line":18,"column":3}},"9":{"start":{"line":17,"column":4},"end":{"line":17,"column":65}},"10":{"start":{"line":20,"column":0},"end":{"line":22,"column":3}},"11":{"start":{"line":21,"column":4},"end":{"line":21,"column":66}},"12":{"start":{"line":25,"column":0},"end":{"line":35,"column":2}},"13":{"start":{"line":27,"column":4},"end":{"line":27,"column":54}},"14":{"start":{"line":29,"column":4},"end":{"line":34,"column":7}},"15":{"start":{"line":30,"column":8},"end":{"line":31,"column":26}},"16":{"start":{"line":31,"column":12},"end":{"line":31,"column":26}},"17":{"start":{"line":33,"column":8},"end":{"line":33,"column":50}},"18":{"start":{"line":36,"column":0},"end":{"line":52,"column":2}},"19":{"start":{"line":37,"column":4},"end":{"line":37,"column":54}},"20":{"start":{"line":45,"column":4},"end":{"line":51,"column":7}},"21":{"start":{"line":47,"column":8},"end":{"line":50,"column":53}},"22":{"start":{"line":48,"column":12},"end":{"line":48,"column":71}},"23":{"start":{"line":50,"column":12},"end":{"line":50,"column":53}},"24":{"start":{"line":59,"column":0},"end":{"line":63,"column":1}},"25":{"start":{"line":60,"column":4},"end":{"line":60,"column":24}},"26":{"start":{"line":61,"column":4},"end":{"line":61,"column":64}},"27":{"start":{"line":61,"column":34},"end":{"line":61,"column":60}},"28":{"start":{"line":62,"column":4},"end":{"line":62,"column":23}},"29":{"start":{"line":65,"column":0},"end":{"line":97,"column":2}},"30":{"start":{"line":78,"column":4},"end":{"line":78,"column":54}},"31":{"start":{"line":79,"column":4},"end":{"line":79,"column":32}},"32":{"start":{"line":85,"column":4},"end":{"line":85,"column":45}},"33":{"start":{"line":86,"column":4},"end":{"line":86,"column":47}},"34":{"start":{"line":87,"column":4},"end":{"line":87,"column":33}},"35":{"start":{"line":88,"column":4},"end":{"line":88,"column":37}},"36":{"start":{"line":89,"column":4},"end":{"line":89,"column":39}},"37":{"start":{"line":90,"column":4},"end":{"line":90,"column":35}},"38":{"start":{"line":91,"column":4},"end":{"line":96,"column":7}},"39":{"start":{"line":92,"column":8},"end":{"line":95,"column":80}},"40":{"start":{"line":93,"column":12},"end":{"line":93,"column":71}},"41":{"start":{"line":95,"column":12},"end":{"line":95,"column":80}},"42":{"start":{"line":99,"column":0},"end":{"line":127,"column":2}},"43":{"start":{"line":103,"column":4},"end":{"line":103,"column":54}},"44":{"start":{"line":104,"column":4},"end":{"line":112,"column":7}},"45":{"start":{"line":113,"column":4},"end":{"line":126,"column":11}},"46":{"start":{"line":122,"column":12},"end":{"line":125,"column":82}},"47":{"start":{"line":123,"column":16},"end":{"line":123,"column":71}},"48":{"start":{"line":125,"column":16},"end":{"line":125,"column":82}},"49":{"start":{"line":149,"column":0},"end":{"line":165,"column":2}},"50":{"start":{"line":152,"column":4},"end":{"line":163,"column":7}},"51":{"start":{"line":154,"column":8},"end":{"line":162,"column":67}},"52":{"start":{"line":157,"column":12},"end":{"line":157,"column":65}},"53":{"start":{"line":162,"column":12},"end":{"line":162,"column":67}},"54":{"start":{"line":167,"column":0},"end":{"line":177,"column":2}},"55":{"start":{"line":171,"column":4},"end":{"line":176,"column":7}},"56":{"start":{"line":172,"column":8},"end":{"line":175,"column":62}},"57":{"start":{"line":173,"column":12},"end":{"line":173,"column":26}},"58":{"start":{"line":175,"column":12},"end":{"line":175,"column":62}},"59":{"start":{"line":179,"column":0},"end":{"line":179,"column":24}}},"branchMap":{"1":{"line":30,"type":"if","locations":[{"start":{"line":30,"column":8},"end":{"line":30,"column":8}},{"start":{"line":30,"column":8},"end":{"line":30,"column":8}}]},"2":{"line":47,"type":"if","locations":[{"start":{"line":47,"column":8},"end":{"line":47,"column":8}},{"start":{"line":47,"column":8},"end":{"line":47,"column":8}}]},"3":{"line":92,"type":"if","locations":[{"start":{"line":92,"column":8},"end":{"line":92,"column":8}},{"start":{"line":92,"column":8},"end":{"line":92,"column":8}}]},"4":{"line":122,"type":"if","locations":[{"start":{"line":122,"column":12},"end":{"line":122,"column":12}},{"start":{"line":122,"column":12},"end":{"line":122,"column":12}}]},"5":{"line":154,"type":"if","locations":[{"start":{"line":154,"column":8},"end":{"line":154,"column":8}},{"start":{"line":154,"column":8},"end":{"line":154,"column":8}}]},"6":{"line":172,"type":"if","locations":[{"start":{"line":172,"column":8},"end":{"line":172,"column":8}},{"start":{"line":172,"column":8},"end":{"line":172,"column":8}}]}}},"/Users/hin/agile/hotelBooking/models/bookings.js":{"path":"/Users/hin/agile/hotelBooking/models/bookings.js","s":{"1":1,"2":1,"3":1},"b":{},"f":{},"fnMap":{},"statementMap":{"1":{"start":{"line":9,"column":0},"end":{"line":9,"column":35}},"2":{"start":{"line":11,"column":0},"end":{"line":20,"column":30}},"3":{"start":{"line":22,"column":0},"end":{"line":22,"column":58}}},"branchMap":{}},"/Users/hin/agile/hotelBooking/routes/rooms.js":{"path":"/Users/hin/agile/hotelBooking/routes/rooms.js","s":{"1":1,"2":1,"3":1,"4":1,"5":1,"6":1,"7":1,"8":1,"9":0,"10":1,"11":0,"12":1,"13":0,"14":0,"15":0,"16":0,"17":0,"18":0,"19":1,"20":0,"21":0,"22":0,"23":0,"24":0,"25":1,"26":0,"27":0,"28":0,"29":0,"30":0,"31":0,"32":0,"33":0,"34":0,"35":1,"36":0,"37":0,"38":0,"39":0,"40":0,"41":0,"42":1,"43":0,"44":0,"45":0,"46":0,"47":1},"b":{"1":[0,0],"2":[0,0],"3":[0,0],"4":[0,0],"5":[0,0]},"f":{"1":0,"2":0,"3":0,"4":0,"5":0,"6":0,"7":0},"fnMap":{"1":{"name":"(anonymous_1)","line":18,"loc":{"start":{"line":18,"column":15},"end":{"line":18,"column":30}}},"2":{"name":"(anonymous_2)","line":22,"loc":{"start":{"line":22,"column":16},"end":{"line":22,"column":28}}},"3":{"name":"(anonymous_3)","line":31,"loc":{"start":{"line":31,"column":14},"end":{"line":31,"column":35}}},"4":{"name":"(anonymous_4)","line":46,"loc":{"start":{"line":46,"column":49},"end":{"line":46,"column":69}}},"5":{"name":"(anonymous_5)","line":62,"loc":{"start":{"line":62,"column":14},"end":{"line":62,"column":28}}},"6":{"name":"(anonymous_6)","line":101,"loc":{"start":{"line":101,"column":8},"end":{"line":101,"column":21}}},"7":{"name":"(anonymous_7)","line":122,"loc":{"start":{"line":122,"column":56},"end":{"line":122,"column":71}}}},"statementMap":{"1":{"start":{"line":1,"column":0},"end":{"line":1,"column":37}},"2":{"start":{"line":3,"column":0},"end":{"line":3,"column":38}},"3":{"start":{"line":4,"column":0},"end":{"line":4,"column":33}},"4":{"start":{"line":5,"column":0},"end":{"line":5,"column":30}},"5":{"start":{"line":10,"column":0},"end":{"line":10,"column":81}},"6":{"start":{"line":12,"column":0},"end":{"line":12,"column":29}},"7":{"start":{"line":16,"column":0},"end":{"line":16,"column":29}},"8":{"start":{"line":18,"column":0},"end":{"line":20,"column":3}},"9":{"start":{"line":19,"column":4},"end":{"line":19,"column":65}},"10":{"start":{"line":22,"column":0},"end":{"line":24,"column":3}},"11":{"start":{"line":23,"column":4},"end":{"line":23,"column":66}},"12":{"start":{"line":27,"column":0},"end":{"line":38,"column":2}},"13":{"start":{"line":29,"column":4},"end":{"line":29,"column":54}},"14":{"start":{"line":31,"column":4},"end":{"line":37,"column":7}},"15":{"start":{"line":32,"column":8},"end":{"line":32,"column":27}},"16":{"start":{"line":33,"column":8},"end":{"line":34,"column":26}},"17":{"start":{"line":34,"column":12},"end":{"line":34,"column":26}},"18":{"start":{"line":36,"column":8},"end":{"line":36,"column":47}},"19":{"start":{"line":44,"column":0},"end":{"line":52,"column":2}},"20":{"start":{"line":45,"column":4},"end":{"line":45,"column":54}},"21":{"start":{"line":46,"column":4},"end":{"line":51,"column":7}},"22":{"start":{"line":47,"column":8},"end":{"line":50,"column":50}},"23":{"start":{"line":48,"column":12},"end":{"line":48,"column":68}},"24":{"start":{"line":50,"column":12},"end":{"line":50,"column":50}},"25":{"start":{"line":55,"column":0},"end":{"line":68,"column":2}},"26":{"start":{"line":57,"column":4},"end":{"line":57,"column":54}},"27":{"start":{"line":58,"column":4},"end":{"line":58,"column":26}},"28":{"start":{"line":59,"column":4},"end":{"line":59,"column":36}},"29":{"start":{"line":60,"column":4},"end":{"line":60,"column":32}},"30":{"start":{"line":61,"column":4},"end":{"line":61,"column":30}},"31":{"start":{"line":62,"column":4},"end":{"line":67,"column":7}},"32":{"start":{"line":63,"column":8},"end":{"line":66,"column":74}},"33":{"start":{"line":64,"column":12},"end":{"line":64,"column":68}},"34":{"start":{"line":66,"column":12},"end":{"line":66,"column":74}},"35":{"start":{"line":70,"column":0},"end":{"line":107,"column":2}},"36":{"start":{"line":87,"column":4},"end":{"line":87,"column":54}},"37":{"start":{"line":88,"column":4},"end":{"line":94,"column":7}},"38":{"start":{"line":95,"column":4},"end":{"line":106,"column":11}},"39":{"start":{"line":102,"column":12},"end":{"line":105,"column":76}},"40":{"start":{"line":103,"column":16},"end":{"line":103,"column":68}},"41":{"start":{"line":105,"column":16},"end":{"line":105,"column":76}},"42":{"start":{"line":120,"column":0},"end":{"line":131,"column":2}},"43":{"start":{"line":122,"column":4},"end":{"line":129,"column":7}},"44":{"start":{"line":123,"column":8},"end":{"line":128,"column":64}},"45":{"start":{"line":124,"column":12},"end":{"line":124,"column":62}},"46":{"start":{"line":128,"column":12},"end":{"line":128,"column":64}},"47":{"start":{"line":137,"column":0},"end":{"line":137,"column":24}}},"branchMap":{"1":{"line":33,"type":"if","locations":[{"start":{"line":33,"column":8},"end":{"line":33,"column":8}},{"start":{"line":33,"column":8},"end":{"line":33,"column":8}}]},"2":{"line":47,"type":"if","locations":[{"start":{"line":47,"column":8},"end":{"line":47,"column":8}},{"start":{"line":47,"column":8},"end":{"line":47,"column":8}}]},"3":{"line":63,"type":"if","locations":[{"start":{"line":63,"column":8},"end":{"line":63,"column":8}},{"start":{"line":63,"column":8},"end":{"line":63,"column":8}}]},"4":{"line":102,"type":"if","locations":[{"start":{"line":102,"column":12},"end":{"line":102,"column":12}},{"start":{"line":102,"column":12},"end":{"line":102,"column":12}}]},"5":{"line":123,"type":"if","locations":[{"start":{"line":123,"column":8},"end":{"line":123,"column":8}},{"start":{"line":123,"column":8},"end":{"line":123,"column":8}}]}}},"/Users/hin/agile/hotelBooking/models/rooms.js":{"path":"/Users/hin/agile/hotelBooking/models/rooms.js","s":{"1":1,"2":1,"3":1},"b":{},"f":{},"fnMap":{},"statementMap":{"1":{"start":{"line":18,"column":0},"end":{"line":18,"column":35}},"2":{"start":{"line":20,"column":0},"end":{"line":25,"column":27}},"3":{"start":{"line":27,"column":0},"end":{"line":27,"column":52}}},"branchMap":{}},"/Users/hin/agile/hotelBooking/routes/customers.js":{"path":"/Users/hin/agile/hotelBooking/routes/customers.js","s":{"1":1,"2":1,"3":1,"4":1,"5":1,"6":1,"7":1,"8":1,"9":0,"10":1,"11":0,"12":1,"13":0,"14":0,"15":0,"16":0,"17":0,"18":0,"19":0,"20":0,"21":0,"22":0,"23":1,"24":0,"25":0,"26":0,"27":0,"28":0,"29":0,"30":0,"31":1,"32":0,"33":0,"34":0,"35":0,"36":0,"37":1,"38":0,"39":0,"40":0,"41":0,"42":0,"43":1,"44":0,"45":0,"46":0,"47":0,"48":1},"b":{"1":[0,0],"2":[0,0],"3":[0,0],"4":[0,0],"5":[0,0],"6":[0,0]},"f":{"1":0,"2":0,"3":0,"4":0,"5":0,"6":0,"7":0},"fnMap":{"1":{"name":"(anonymous_1)","line":15,"loc":{"start":{"line":15,"column":15},"end":{"line":15,"column":30}}},"2":{"name":"(anonymous_2)","line":19,"loc":{"start":{"line":19,"column":16},"end":{"line":19,"column":28}}},"3":{"name":"(anonymous_3)","line":30,"loc":{"start":{"line":30,"column":18},"end":{"line":30,"column":32}}},"4":{"name":"(anonymous_4)","line":41,"loc":{"start":{"line":41,"column":46},"end":{"line":41,"column":70}}},"5":{"name":"(anonymous_5)","line":65,"loc":{"start":{"line":65,"column":18},"end":{"line":65,"column":43}}},"6":{"name":"(anonymous_6)","line":82,"loc":{"start":{"line":82,"column":59},"end":{"line":82,"column":83}}},"7":{"name":"(anonymous_7)","line":110,"loc":{"start":{"line":110,"column":66},"end":{"line":110,"column":81}}}},"statementMap":{"1":{"start":{"line":2,"column":0},"end":{"line":2,"column":37}},"2":{"start":{"line":3,"column":0},"end":{"line":3,"column":46}},"3":{"start":{"line":4,"column":0},"end":{"line":4,"column":33}},"4":{"start":{"line":5,"column":0},"end":{"line":5,"column":30}},"5":{"start":{"line":7,"column":0},"end":{"line":7,"column":81}},"6":{"start":{"line":9,"column":0},"end":{"line":9,"column":29}},"7":{"start":{"line":13,"column":0},"end":{"line":13,"column":29}},"8":{"start":{"line":15,"column":0},"end":{"line":17,"column":3}},"9":{"start":{"line":16,"column":4},"end":{"line":16,"column":65}},"10":{"start":{"line":19,"column":0},"end":{"line":21,"column":3}},"11":{"start":{"line":20,"column":4},"end":{"line":20,"column":78}},"12":{"start":{"line":23,"column":0},"end":{"line":37,"column":2}},"13":{"start":{"line":24,"column":4},"end":{"line":24,"column":54}},"14":{"start":{"line":25,"column":4},"end":{"line":25,"column":34}},"15":{"start":{"line":26,"column":4},"end":{"line":26,"column":46}},"16":{"start":{"line":27,"column":4},"end":{"line":27,"column":34}},"17":{"start":{"line":28,"column":4},"end":{"line":28,"column":36}},"18":{"start":{"line":29,"column":4},"end":{"line":29,"column":42}},"19":{"start":{"line":30,"column":4},"end":{"line":36,"column":7}},"20":{"start":{"line":31,"column":8},"end":{"line":35,"column":58}},"21":{"start":{"line":32,"column":12},"end":{"line":32,"column":70}},"22":{"start":{"line":35,"column":12},"end":{"line":35,"column":58}},"23":{"start":{"line":39,"column":0},"end":{"line":58,"column":2}},"24":{"start":{"line":40,"column":4},"end":{"line":40,"column":54}},"25":{"start":{"line":41,"column":4},"end":{"line":57,"column":7}},"26":{"start":{"line":46,"column":8},"end":{"line":55,"column":9}},"27":{"start":{"line":47,"column":12},"end":{"line":47,"column":68}},"28":{"start":{"line":51,"column":12},"end":{"line":54,"column":61}},"29":{"start":{"line":52,"column":16},"end":{"line":52,"column":68}},"30":{"start":{"line":54,"column":16},"end":{"line":54,"column":61}},"31":{"start":{"line":61,"column":0},"end":{"line":71,"column":2}},"32":{"start":{"line":63,"column":4},"end":{"line":63,"column":54}},"33":{"start":{"line":65,"column":4},"end":{"line":70,"column":7}},"34":{"start":{"line":66,"column":8},"end":{"line":67,"column":26}},"35":{"start":{"line":67,"column":12},"end":{"line":67,"column":26}},"36":{"start":{"line":69,"column":8},"end":{"line":69,"column":51}},"37":{"start":{"line":72,"column":0},"end":{"line":88,"column":2}},"38":{"start":{"line":73,"column":4},"end":{"line":73,"column":54}},"39":{"start":{"line":82,"column":4},"end":{"line":87,"column":7}},"40":{"start":{"line":83,"column":8},"end":{"line":86,"column":54}},"41":{"start":{"line":84,"column":12},"end":{"line":84,"column":72}},"42":{"start":{"line":86,"column":12},"end":{"line":86,"column":54}},"43":{"start":{"line":98,"column":0},"end":{"line":120,"column":2}},"44":{"start":{"line":110,"column":4},"end":{"line":119,"column":7}},"45":{"start":{"line":111,"column":8},"end":{"line":118,"column":68}},"46":{"start":{"line":113,"column":12},"end":{"line":113,"column":66}},"47":{"start":{"line":118,"column":12},"end":{"line":118,"column":68}},"48":{"start":{"line":123,"column":0},"end":{"line":123,"column":24}}},"branchMap":{"1":{"line":31,"type":"if","locations":[{"start":{"line":31,"column":8},"end":{"line":31,"column":8}},{"start":{"line":31,"column":8},"end":{"line":31,"column":8}}]},"2":{"line":46,"type":"if","locations":[{"start":{"line":46,"column":8},"end":{"line":46,"column":8}},{"start":{"line":46,"column":8},"end":{"line":46,"column":8}}]},"3":{"line":51,"type":"if","locations":[{"start":{"line":51,"column":12},"end":{"line":51,"column":12}},{"start":{"line":51,"column":12},"end":{"line":51,"column":12}}]},"4":{"line":66,"type":"if","locations":[{"start":{"line":66,"column":8},"end":{"line":66,"column":8}},{"start":{"line":66,"column":8},"end":{"line":66,"column":8}}]},"5":{"line":83,"type":"if","locations":[{"start":{"line":83,"column":8},"end":{"line":83,"column":8}},{"start":{"line":83,"column":8},"end":{"line":83,"column":8}}]},"6":{"line":111,"type":"if","locations":[{"start":{"line":111,"column":8},"end":{"line":111,"column":8}},{"start":{"line":111,"column":8},"end":{"line":111,"column":8}}]}}},"/Users/hin/agile/hotelBooking/models/customers.js":{"path":"/Users/hin/agile/hotelBooking/models/customers.js","s":{"1":1,"2":1,"3":1},"b":{},"f":{},"fnMap":{},"statementMap":{"1":{"start":{"line":9,"column":0},"end":{"line":9,"column":35}},"2":{"start":{"line":11,"column":0},"end":{"line":18,"column":31}},"3":{"start":{"line":20,"column":0},"end":{"line":20,"column":60}}},"branchMap":{}}}