TN:
SF:/Users/hin/agile/hotelBooking/app.js
FN:70,(anonymous_1)
FN:79,(anonymous_2)
FNF:2
FNH:0
FNDA:0,(anonymous_1)
FNDA:0,(anonymous_2)
DA:1,1
DA:2,1
DA:3,1
DA:4,1
DA:5,1
DA:6,1
DA:7,1
DA:8,1
DA:9,1
DA:11,1
DA:12,1
DA:13,1
DA:14,1
DA:16,1
DA:17,1
DA:21,1
DA:22,1
DA:23,1
DA:24,1
DA:26,1
DA:27,1
DA:28,1
DA:31,1
DA:32,1
DA:34,1
DA:35,1
DA:38,1
DA:40,1
DA:43,1
DA:45,1
DA:47,1
DA:50,1
DA:52,1
DA:56,1
DA:58,1
DA:60,1
DA:62,1
DA:66,1
DA:70,1
DA:71,0
DA:74,1
DA:75,0
DA:79,1
DA:81,0
DA:82,0
DA:85,0
DA:86,0
DA:89,1
LF:48
LH:42
BRDA:74,1,0,0
BRDA:74,1,1,1
BRDA:82,2,0,0
BRDA:82,2,1,0
BRDA:85,3,0,0
BRDA:85,3,1,0
BRF:6
BRH:1
end_of_record
TN:
SF:/Users/hin/agile/hotelBooking/routes/index.js
FN:6,(anonymous_1)
FNF:1
FNH:0
FNDA:0,(anonymous_1)
DA:1,1
DA:2,1
DA:6,1
DA:7,0
DA:10,1
LF:5
LH:4
BRF:0
BRH:0
end_of_record
TN:
SF:/Users/hin/agile/hotelBooking/routes/users.js
FN:6,(anonymous_1)
FNF:1
FNH:0
FNDA:0,(anonymous_1)
DA:1,1
DA:2,1
DA:6,1
DA:7,0
DA:10,1
LF:5
LH:4
BRF:0
BRH:0
end_of_record
TN:
SF:/Users/hin/agile/hotelBooking/routes/bookings.js
FN:16,(anonymous_1)
FN:20,(anonymous_2)
FN:29,(anonymous_3)
FN:45,(anonymous_4)
FN:59,getTotalAmount
FN:61,(anonymous_6)
FN:91,(anonymous_7)
FN:121,(anonymous_8)
FN:152,(anonymous_9)
FN:171,(anonymous_10)
FNF:10
FNH:0
FNDA:0,(anonymous_1)
FNDA:0,(anonymous_2)
FNDA:0,(anonymous_3)
FNDA:0,(anonymous_4)
FNDA:0,getTotalAmount
FNDA:0,(anonymous_6)
FNDA:0,(anonymous_7)
FNDA:0,(anonymous_8)
FNDA:0,(anonymous_9)
FNDA:0,(anonymous_10)
DA:1,1
DA:2,1
DA:3,1
DA:4,1
DA:8,1
DA:10,1
DA:14,1
DA:16,1
DA:17,0
DA:20,1
DA:21,0
DA:25,1
DA:27,0
DA:29,0
DA:30,0
DA:31,0
DA:33,0
DA:36,1
DA:37,0
DA:45,0
DA:47,0
DA:48,0
DA:50,0
DA:59,1
DA:60,0
DA:61,0
DA:62,0
DA:65,1
DA:78,0
DA:79,0
DA:85,0
DA:86,0
DA:87,0
DA:88,0
DA:89,0
DA:90,0
DA:91,0
DA:92,0
DA:93,0
DA:95,0
DA:99,1
DA:103,0
DA:104,0
DA:113,0
DA:122,0
DA:123,0
DA:125,0
DA:149,1
DA:152,0
DA:154,0
DA:157,0
DA:162,0
DA:167,1
DA:171,0
DA:172,0
DA:173,0
DA:175,0
DA:179,1
LF:58
LH:17
BRDA:30,1,0,0
BRDA:30,1,1,0
BRDA:47,2,0,0
BRDA:47,2,1,0
BRDA:92,3,0,0
BRDA:92,3,1,0
BRDA:122,4,0,0
BRDA:122,4,1,0
BRDA:154,5,0,0
BRDA:154,5,1,0
BRDA:172,6,0,0
BRDA:172,6,1,0
BRF:12
BRH:0
end_of_record
TN:
SF:/Users/hin/agile/hotelBooking/models/bookings.js
FNF:0
FNH:0
DA:9,1
DA:11,1
DA:22,1
LF:3
LH:3
BRF:0
BRH:0
end_of_record
TN:
SF:/Users/hin/agile/hotelBooking/routes/rooms.js
FN:18,(anonymous_1)
FN:22,(anonymous_2)
FN:31,(anonymous_3)
FN:46,(anonymous_4)
FN:62,(anonymous_5)
FN:101,(anonymous_6)
FN:122,(anonymous_7)
FNF:7
FNH:0
FNDA:0,(anonymous_1)
FNDA:0,(anonymous_2)
FNDA:0,(anonymous_3)
FNDA:0,(anonymous_4)
FNDA:0,(anonymous_5)
FNDA:0,(anonymous_6)
FNDA:0,(anonymous_7)
DA:1,1
DA:3,1
DA:4,1
DA:5,1
DA:10,1
DA:12,1
DA:16,1
DA:18,1
DA:19,0
DA:22,1
DA:23,0
DA:27,1
DA:29,0
DA:31,0
DA:32,0
DA:33,0
DA:34,0
DA:36,0
DA:44,1
DA:45,0
DA:46,0
DA:47,0
DA:48,0
DA:50,0
DA:55,1
DA:57,0
DA:58,0
DA:59,0
DA:60,0
DA:61,0
DA:62,0
DA:63,0
DA:64,0
DA:66,0
DA:70,1
DA:87,0
DA:88,0
DA:95,0
DA:102,0
DA:103,0
DA:105,0
DA:120,1
DA:122,0
DA:123,0
DA:124,0
DA:128,0
DA:137,1
LF:47
LH:15
BRDA:33,1,0,0
BRDA:33,1,1,0
BRDA:47,2,0,0
BRDA:47,2,1,0
BRDA:63,3,0,0
BRDA:63,3,1,0
BRDA:102,4,0,0
BRDA:102,4,1,0
BRDA:123,5,0,0
BRDA:123,5,1,0
BRF:10
BRH:0
end_of_record
TN:
SF:/Users/hin/agile/hotelBooking/models/rooms.js
FNF:0
FNH:0
DA:18,1
DA:20,1
DA:27,1
LF:3
LH:3
BRF:0
BRH:0
end_of_record
TN:
SF:/Users/hin/agile/hotelBooking/routes/customers.js
FN:15,(anonymous_1)
FN:19,(anonymous_2)
FN:30,(anonymous_3)
FN:41,(anonymous_4)
FN:65,(anonymous_5)
FN:82,(anonymous_6)
FN:110,(anonymous_7)
FNF:7
FNH:0
FNDA:0,(anonymous_1)
FNDA:0,(anonymous_2)
FNDA:0,(anonymous_3)
FNDA:0,(anonymous_4)
FNDA:0,(anonymous_5)
FNDA:0,(anonymous_6)
FNDA:0,(anonymous_7)
DA:2,1
DA:3,1
DA:4,1
DA:5,1
DA:7,1
DA:9,1
DA:13,1
DA:15,1
DA:16,0
DA:19,1
DA:20,0
DA:23,1
DA:24,0
DA:25,0
DA:26,0
DA:27,0
DA:28,0
DA:29,0
DA:30,0
DA:31,0
DA:32,0
DA:35,0
DA:39,1
DA:40,0
DA:41,0
DA:46,0
DA:47,0
DA:51,0
DA:52,0
DA:54,0
DA:61,1
DA:63,0
DA:65,0
DA:66,0
DA:67,0
DA:69,0
DA:72,1
DA:73,0
DA:82,0
DA:83,0
DA:84,0
DA:86,0
DA:98,1
DA:110,0
DA:111,0
DA:113,0
DA:118,0
DA:123,1
LF:48
LH:15
BRDA:31,1,0,0
BRDA:31,1,1,0
BRDA:46,2,0,0
BRDA:46,2,1,0
BRDA:51,3,0,0
BRDA:51,3,1,0
BRDA:66,4,0,0
BRDA:66,4,1,0
BRDA:83,5,0,0
BRDA:83,5,1,0
BRDA:111,6,0,0
BRDA:111,6,1,0
BRF:12
BRH:0
end_of_record
TN:
SF:/Users/hin/agile/hotelBooking/models/customers.js
FNF:0
FNH:0
DA:9,1
DA:11,1
DA:20,1
LF:3
LH:3
BRF:0
BRH:0
end_of_record
